<?xml version="1.0" encoding="UTF-8"?>
<!-- Generated by org.testng.reporters.JUnitReportReporter -->
<testsuite skipped="0" hostname="LAPTOP-F1T2AJ3T" name="qaclickacademy.AppTest" tests="1" failures="0" timestamp="2019-12-28T11:28:11 CST" time="0.001" errors="0">
  <testcase name="testApp" time="0.001" classname="qaclickacademy.AppTest"/>
  <system-out/>
</testsuite> <!-- qaclickacademy.AppTest -->
