<?xml version="1.0" encoding="UTF-8"?>
<!-- Generated by org.testng.reporters.JUnitReportReporter -->
<testsuite skipped="0" hostname="LAPTOP-F1T2AJ3T" name="qaclickacademy.AppiumTest" tests="2" failures="0" timestamp="2020-05-10T18:12:27 CDT" time="0.008" errors="0">
  <testcase name="NativeAPpandroid" time="0.001" classname="qaclickacademy.AppiumTest"/>
  <testcase name="IOSApps" time="0.007" classname="qaclickacademy.AppiumTest"/>
</testsuite> <!-- qaclickacademy.AppiumTest -->
