<?xml version="1.0" encoding="UTF-8"?>
<!-- Generated by org.testng.reporters.JUnitReportReporter -->
<testsuite skipped="0" hostname="LAPTOP-F1T2AJ3T" name="qaclickacademy.AppiumTest" tests="2" failures="0" timestamp="2019-12-28T16:32:42 CST" time="0.001" errors="0">
  <testcase name="NativeAPpandroid" time="0.000" classname="qaclickacademy.AppiumTest"/>
  <system-out/>
  <testcase name="IOSApps" time="0.001" classname="qaclickacademy.AppiumTest"/>
  <system-out/>
</testsuite> <!-- qaclickacademy.AppiumTest -->
